2019-03-13 10:57:27,922 - BrowserEngine - INFO - 获取浏览器类型 Chrome
2019-03-13 10:57:27,922 - BrowserEngine - INFO - 获取打开的网址 https://www.baidu.com
2019-03-13 10:57:30,787 - BrowserEngine - INFO - 浏览器类型 Chrome
2019-03-13 10:57:32,030 - BrowserEngine - INFO - 打开网址 https://www.baidu.com
2019-03-13 10:57:32,440 - BrowserEngine - INFO - 窗口最大化
2019-03-13 10:57:32,443 - BrowserEngine - INFO - Set implicitly wait 10 seconds.
2019-03-13 10:57:32,498 - BasePage - INFO - Had find the element '  ' successful by id via value: kw 
2019-03-13 10:57:32,700 - BasePage - INFO - Had type ' selenium ' in inputBox
2019-03-13 10:57:32,757 - BasePage - INFO - Had find the element '  ' successful by xpath via value: //*[@id="su"] 
2019-03-13 10:57:32,768 - BasePage - INFO - the element /  / is clicked.
2019-03-13 10:57:33,923 - BasePage - INFO - Had find the element '  ' successful by id via value: kw 
2019-03-13 10:57:34,040 - BasePage - INFO - Had type ' python ' in inputBox
2019-03-13 10:57:34,072 - BasePage - INFO - Had find the element '  ' successful by xpath via value: //*[@id="su"] 
2019-03-13 10:57:34,082 - BasePage - INFO - the element /  / is clicked.
2019-03-13 10:57:36,495 - BasePage - INFO - Had take screenshot and save to folder : /screenshots
2019-03-13 10:57:36,497 - BrowserEngine - INFO - 获取浏览器类型 Chrome
2019-03-13 10:57:36,498 - BrowserEngine - INFO - 获取打开的网址 https://www.baidu.com
2019-03-13 10:57:39,003 - BrowserEngine - INFO - 浏览器类型 Chrome
2019-03-13 10:57:40,648 - BrowserEngine - INFO - 打开网址 https://www.baidu.com
2019-03-13 10:57:41,047 - BrowserEngine - INFO - 窗口最大化
2019-03-13 10:57:41,049 - BrowserEngine - INFO - Set implicitly wait 10 seconds.
2019-03-13 10:57:41,056 - BasePage - INFO - Current page title is 百度一下，你就知道
2019-03-13 10:57:41,065 - BrowserEngine - INFO - 获取浏览器类型 Chrome
2019-03-13 10:57:41,065 - BrowserEngine - INFO - 获取打开的网址 https://www.baidu.com
2019-03-13 10:57:45,107 - BrowserEngine - INFO - 浏览器类型 Chrome
2019-03-13 10:57:47,276 - BrowserEngine - INFO - 打开网址 https://www.baidu.com
2019-03-13 10:57:47,661 - BrowserEngine - INFO - 窗口最大化
2019-03-13 10:57:47,662 - BrowserEngine - INFO - Set implicitly wait 10 seconds.
2019-03-13 10:57:47,666 - BasePage - INFO - Current page title is 百度一下，你就知道
