2019-03-12 15:07:32,264 - BrowserEngine - INFO - 获取浏览器类型 Chrome
2019-03-12 15:07:32,264 - BrowserEngine - INFO - 获取网址 https://www.baidu.com
2019-03-12 15:07:34,705 - BrowserEngine - INFO - 浏览器类型 Chrome
2019-03-12 15:07:36,619 - BrowserEngine - INFO - 打开网址 https://www.baidu.com
2019-03-12 15:07:37,024 - BrowserEngine - INFO - 窗口最大化
2019-03-12 15:07:37,027 - BrowserEngine - INFO - Set implicitly wait 10 seconds.
2019-03-12 15:07:37,079 - BasePage - INFO - Had find the element '  ' successful by id via value: kw 
2019-03-12 15:07:37,266 - BasePage - INFO - Had type ' selenium ' in inputBox
2019-03-12 15:07:37,319 - BasePage - INFO - Had find the element '  ' successful by xpath via value: //*[@id="su"] 
2019-03-12 15:07:37,411 - BasePage - INFO - the element /  / is clicked.
2019-03-12 15:07:38,765 - BasePage - INFO - Had take screenshot and save to folder : /screenshots
2019-03-12 15:07:40,723 - BrowserEngine - INFO - 获取浏览器类型 Chrome
2019-03-12 15:07:40,724 - BrowserEngine - INFO - 获取网址 https://www.baidu.com
2019-03-12 15:07:43,669 - BrowserEngine - INFO - 浏览器类型 Chrome
2019-03-12 15:07:44,721 - BrowserEngine - INFO - 打开网址 https://www.baidu.com
2019-03-12 15:07:45,116 - BrowserEngine - INFO - 窗口最大化
2019-03-12 15:07:45,118 - BrowserEngine - INFO - Set implicitly wait 10 seconds.
2019-03-12 15:07:45,167 - BasePage - INFO - Had find the element '  ' successful by id via value: kw 
2019-03-12 15:07:45,325 - BasePage - INFO - Had type ' python ' in inputBox
2019-03-12 15:07:45,357 - BasePage - INFO - Had find the element '  ' successful by xpath via value: //*[@id="su"] 
2019-03-12 15:07:45,446 - BasePage - INFO - the element /  / is clicked.
2019-03-12 15:07:55,792 - BasePage - INFO - Had take screenshot and save to folder : /screenshots
