2019-03-12 17:25:27,998 - BrowserEngine - INFO - 获取浏览器类型 Chrome
2019-03-12 17:25:27,998 - BrowserEngine - INFO - 获取打开的网址 https://www.baidu.com
2019-03-12 17:25:30,981 - BrowserEngine - INFO - 浏览器类型 Chrome
2019-03-12 17:25:32,267 - BrowserEngine - INFO - 打开网址 https://www.baidu.com
2019-03-12 17:25:32,670 - BrowserEngine - INFO - 窗口最大化
2019-03-12 17:25:32,671 - BrowserEngine - INFO - Set implicitly wait 10 seconds.
2019-03-12 17:25:32,705 - BasePage - INFO - Had find the element '  ' successful by id via value: kw 
2019-03-12 17:25:32,888 - BasePage - INFO - Had type ' selenium ' in inputBox
2019-03-12 17:25:32,932 - BasePage - INFO - Had find the element '  ' successful by xpath via value: //*[@id="su"] 
2019-03-12 17:25:32,954 - BasePage - INFO - the element /  / is clicked.
2019-03-12 17:25:34,070 - BasePage - INFO - Had find the element '  ' successful by id via value: kw 
2019-03-12 17:25:34,167 - BasePage - INFO - Had type ' python ' in inputBox
2019-03-12 17:25:34,189 - BasePage - INFO - Had find the element '  ' successful by xpath via value: //*[@id="su"] 
2019-03-12 17:25:34,206 - BasePage - INFO - the element /  / is clicked.
2019-03-12 17:25:36,617 - BasePage - INFO - Had take screenshot and save to folder : /screenshots
2019-03-12 17:25:36,618 - BrowserEngine - INFO - 获取浏览器类型 Chrome
2019-03-12 17:25:36,618 - BrowserEngine - INFO - 获取打开的网址 https://www.baidu.com
2019-03-12 17:25:40,141 - BrowserEngine - INFO - 浏览器类型 Chrome
2019-03-12 17:25:41,699 - BrowserEngine - INFO - 打开网址 https://www.baidu.com
2019-03-12 17:25:42,099 - BrowserEngine - INFO - 窗口最大化
2019-03-12 17:25:42,100 - BrowserEngine - INFO - Set implicitly wait 10 seconds.
2019-03-12 17:25:42,106 - BasePage - INFO - Current page title is 百度一下，你就知道
